[debug] [2023-04-09T06:54:13.088Z] ----------------------------------------------------------------------
[debug] [2023-04-09T06:54:13.090Z] Command:       /usr/local/bin/node /usr/local/bin/firebase init
[debug] [2023-04-09T06:54:13.091Z] CLI Version:   11.25.3
[debug] [2023-04-09T06:54:13.091Z] Platform:      darwin
[debug] [2023-04-09T06:54:13.091Z] Node Version:  v16.17.0
[debug] [2023-04-09T06:54:13.098Z] Time:          Sun Apr 09 2023 08:54:13 GMT+0200 (Central European Summer Time)
[debug] [2023-04-09T06:54:13.099Z] ----------------------------------------------------------------------
[debug] 
[debug] [2023-04-09T06:54:13.104Z] > command requires scopes: ["email","openid","https://www.googleapis.com/auth/cloudplatformprojects.readonly","https://www.googleapis.com/auth/firebase","https://www.googleapis.com/auth/cloud-platform"]
[debug] [2023-04-09T06:54:13.105Z] > authorizing via signed-in user (gaminl3gend123@gmail.com)
[info] 
     ######## #### ########  ######## ########     ###     ######  ########
     ##        ##  ##     ## ##       ##     ##  ##   ##  ##       ##
     ######    ##  ########  ######   ########  #########  ######  ######
     ##        ##  ##    ##  ##       ##     ## ##     ##       ## ##
     ##       #### ##     ## ######## ########  ##     ##  ######  ########

You're about to initialize a Firebase project in this directory:

  /Users/paulmcgonigle/MoodChart/moodchartapp

[info] 
=== Project Setup
[info] 
[info] First, let's associate this project directory with a Firebase project.
[info] You can create multiple project aliases by running firebase use --add, 
[info] but for now we'll just set up a default project.
[info] 
[debug] [2023-04-09T06:54:17.590Z] >>> [apiv2][query] GET https://firebase.googleapis.com/v1beta1/projects pageSize=100
[debug] [2023-04-09T06:54:18.261Z] <<< [apiv2][status] GET https://firebase.googleapis.com/v1beta1/projects 200
[debug] [2023-04-09T06:54:18.262Z] <<< [apiv2][body] GET https://firebase.googleapis.com/v1beta1/projects [omitted]
